<?xml version="1.0" encoding="UTF-8"?>
<!-- Generated by org.testng.reporters.JUnitReportReporter -->
<testsuite hostname="DESKTOP-2PQMB1R" failures="0" tests="2" name="MyTestCases" time="16.230" errors="0" timestamp="2024-01-31T21:10:19 AST" skipped="0">
  <testcase classname="MyTestCases" name="CreateAccount" time="12.647"/>
  <testcase classname="MyTestCases" name="SingIn" time="3.583"/>
</testsuite> <!-- MyTestCases -->
